<?xml version="1.0" encoding="UTF-8"?>
<!-- Generated by org.testng.reporters.JUnitReportReporter -->
<testsuite hostname="Sky" failures="0" tests="1" name="com.LetsGo.RunRun" time="0.020" errors="0" timestamp="2024-06-05T17:04:26 IST" skipped="0">
  <testcase classname="com.LetsGo.RunRun" name="main2" time="0.020"/>
  <system-out/>
</testsuite> <!-- com.LetsGo.RunRun -->
