<?xml version="1.0" encoding="UTF-8"?>
<!-- Generated by org.testng.reporters.JUnitReportReporter -->
<testsuite hostname="Sky" failures="0" tests="1" name="com.LetsGo.Right" time="0.038" errors="0" timestamp="2024-06-05T17:04:26 IST" skipped="0">
  <testcase classname="com.LetsGo.Right" name="he" time="0.038"/>
  <system-out/>
</testsuite> <!-- com.LetsGo.Right -->
