<?xml version="1.0" encoding="UTF-8"?>
<!-- Generated by org.testng.reporters.JUnitReportReporter -->
<testsuite hostname="Sky" failures="0" tests="1" name="com.Logs.Right" time="0.012" errors="0" timestamp="2024-06-14T15:30:35 IST" skipped="0">
  <testcase classname="com.Logs.Right" name="he" time="0.012"/>
  <system-out/>
</testsuite> <!-- com.Logs.Right -->
