<?xml version="1.0" encoding="UTF-8"?>
<!-- Generated by org.testng.reporters.JUnitReportReporter -->
<testsuite hostname="Sky" failures="0" tests="1" name="com.ScreenShot.ScreenShot" time="9.220" errors="0" timestamp="2024-06-10T16:56:07 IST" skipped="0">
  <testcase classname="com.ScreenShot.ScreenShot" name="rthree_Login" time="9.220"/>
  <system-out/>
</testsuite> <!-- com.ScreenShot.ScreenShot -->
